<?xml version="1.0" encoding="UTF-8"?>
<testng-results ignored="0" total="3" passed="2" failed="1" skipped="0">
  <reporter-output>
  </reporter-output>
  <suite started-at="2020-12-29T19:18:21 IST" name="Default suite" finished-at="2020-12-29T19:18:26 IST" duration-ms="5238">
    <groups>
    </groups>
    <test started-at="2020-12-29T19:18:21 IST" name="Default test" finished-at="2020-12-29T19:18:26 IST" duration-ms="5238">
      <class name="restAssuredDataDrivenTesting.DataDrivenExamples1">
        <test-method signature="test_delete(int)[pri:0, instance:restAssuredDataDrivenTesting.DataDrivenExamples1@67080771]" started-at="2020-12-29T19:18:21 IST" name="test_delete" finished-at="2020-12-29T19:18:21 IST" duration-ms="0" status="FAIL">
          <exception class="org.testng.TestNGException">
            <message>
              <![CDATA[
Parameter 'userId' is required by @Test on method test_delete but has not been marked @Optional or defined
in C:\Users\user\AppData\Local\Temp\testng-eclipse-1816353852\testng-customsuite.xml]]>
            </message>
            <full-stacktrace>
              <![CDATA[org.testng.TestNGException: 
Parameter 'userId' is required by @Test on method test_delete but has not been marked @Optional or defined
in C:\Users\user\AppData\Local\Temp\testng-eclipse-1816353852\testng-customsuite.xml
at org.testng.internal.Parameters.createParams(Parameters.java:268)
at org.testng.internal.Parameters.createParametersForMethod(Parameters.java:356)
at org.testng.internal.Parameters.createParameters(Parameters.java:700)
at org.testng.internal.Parameters.handleParameters(Parameters.java:875)
at org.testng.internal.Parameters.handleParameters(Parameters.java:740)
at org.testng.internal.ParameterHandler.handleParameters(ParameterHandler.java:59)
at org.testng.internal.ParameterHandler.createParameters(ParameterHandler.java:38)
at org.testng.internal.TestInvoker$MethodInvocationAgent.invoke(TestInvoker.java:789)
at org.testng.internal.TestInvoker.invokeTestMethods(TestInvoker.java:147)
at org.testng.internal.TestMethodWorker.invokeTestMethods(TestMethodWorker.java:146)
at org.testng.internal.TestMethodWorker.run(TestMethodWorker.java:128)
at java.base/java.util.ArrayList.forEach(ArrayList.java:1511)
at org.testng.TestRunner.privateRun(TestRunner.java:764)
at org.testng.TestRunner.run(TestRunner.java:585)
at org.testng.SuiteRunner.runTest(SuiteRunner.java:384)
at org.testng.SuiteRunner.runSequentially(SuiteRunner.java:378)
at org.testng.SuiteRunner.privateRun(SuiteRunner.java:337)
at org.testng.SuiteRunner.run(SuiteRunner.java:286)
at org.testng.SuiteRunnerWorker.runSuite(SuiteRunnerWorker.java:53)
at org.testng.SuiteRunnerWorker.run(SuiteRunnerWorker.java:96)
at org.testng.TestNG.runSuitesSequentially(TestNG.java:1218)
at org.testng.TestNG.runSuitesLocally(TestNG.java:1140)
at org.testng.TestNG.runSuites(TestNG.java:1069)
at org.testng.TestNG.run(TestNG.java:1037)
at org.testng.remote.AbstractRemoteTestNG.run(AbstractRemoteTestNG.java:115)
at org.testng.remote.RemoteTestNG.initAndRun(RemoteTestNG.java:251)
at org.testng.remote.RemoteTestNG.main(RemoteTestNG.java:77)
]]>
            </full-stacktrace>
          </exception> <!-- org.testng.TestNGException -->
          <reporter-output>
          </reporter-output>
        </test-method> <!-- test_delete -->
        <test-method signature="test_post(java.lang.String, java.lang.String, int)[pri:0, instance:restAssuredDataDrivenTesting.DataDrivenExamples1@67080771]" started-at="2020-12-29T19:18:21 IST" name="test_post" data-provider="DataforPost" finished-at="2020-12-29T19:18:26 IST" duration-ms="5049" status="PASS">
          <params>
            <param index="0">
              <value>
                <![CDATA[Graham]]>
              </value>
            </param>
            <param index="1">
              <value>
                <![CDATA[Bell]]>
              </value>
            </param>
            <param index="2">
              <value>
                <![CDATA[1]]>
              </value>
            </param>
          </params>
          <reporter-output>
          </reporter-output>
        </test-method> <!-- test_post -->
        <test-method signature="test_post(java.lang.String, java.lang.String, int)[pri:0, instance:restAssuredDataDrivenTesting.DataDrivenExamples1@67080771]" started-at="2020-12-29T19:18:26 IST" name="test_post" data-provider="DataforPost" finished-at="2020-12-29T19:18:26 IST" duration-ms="80" status="PASS">
          <params>
            <param index="0">
              <value>
                <![CDATA[Bell]]>
              </value>
            </param>
            <param index="1">
              <value>
                <![CDATA[Graham]]>
              </value>
            </param>
            <param index="2">
              <value>
                <![CDATA[2]]>
              </value>
            </param>
          </params>
          <reporter-output>
          </reporter-output>
        </test-method> <!-- test_post -->
      </class> <!-- restAssuredDataDrivenTesting.DataDrivenExamples1 -->
    </test> <!-- Default test -->
  </suite> <!-- Default suite -->
</testng-results>
